<?xml version="1.0" encoding="UTF-8"?>
<!-- Generated by org.testng.reporters.JUnitReportReporter -->
<testsuite hostname="INBOOK_Y2_PLUS" failures="0" tests="1" name="scripts.CreateStateFilter" time="189.635" errors="0" timestamp="2025-08-18T21:53:14 IST" skipped="0">
  <testcase classname="scripts.CreateStateFilter" name="tc2" time="189.635"/>
</testsuite> <!-- scripts.CreateStateFilter -->
