<?xml version="1.0" encoding="UTF-8"?>
<!-- Generated by org.testng.reporters.JUnitReportReporter -->
<testsuite hostname="INBOOK_Y2_PLUS" failures="0" tests="1" name="scripts.CreateCityFilter" time="200.754" errors="0" timestamp="2025-08-18T21:53:14 IST" skipped="0">
  <testcase classname="scripts.CreateCityFilter" name="tc2" time="200.754"/>
</testsuite> <!-- scripts.CreateCityFilter -->
