<?xml version="1.0" encoding="UTF-8"?>
<!-- Generated by org.testng.reporters.JUnitReportReporter -->
<testsuite hostname="INBOOK_Y2_PLUS" failures="0" tests="1" name="scripts.DOB" time="37.140" errors="0" timestamp="2025-08-19T23:46:32 IST" skipped="0">
  <testcase classname="scripts.DOB" name="cal" time="37.140"/>
</testsuite> <!-- scripts.DOB -->
