<?xml version="1.0" encoding="UTF-8"?>
<!-- Generated by org.testng.reporters.JUnitReportReporter -->
<testsuite hostname="INBOOK_Y2_PLUS" failures="0" tests="1" name="scripts.CreateCountryFilter" time="201.768" errors="0" timestamp="2025-08-18T21:53:14 IST" skipped="0">
  <testcase classname="scripts.CreateCountryFilter" name="tc1" time="201.768"/>
</testsuite> <!-- scripts.CreateCountryFilter -->
