<?xml version="1.0" encoding="UTF-8"?>
<!-- Generated by org.testng.reporters.JUnitReportReporter -->
<testsuite hostname="INBOOK_Y2_PLUS" failures="0" tests="1" name="scripts.CreateStateFilter" time="45.864" errors="0" timestamp="2025-08-20T21:53:48 IST" skipped="0">
  <testcase classname="scripts.CreateStateFilter" name="tc2" time="45.864"/>
</testsuite> <!-- scripts.CreateStateFilter -->
